RUN	com.example.simulations.BasicSimulation	basicsimulation	1775737010377	 	3.11.5
USER	Простой сценарий	START	1775737011077
USER	Простой сценарий	START	1775737011077
USER	Простой сценарий	START	1775737011077
USER	Простой сценарий	START	1775737011077
USER	Простой сценарий	START	1775737011077
REQUEST		GET /posts — список постов	1775737011008	1775737011226	OK	 
REQUEST		GET /posts — список постов	1775737011008	1775737011222	OK	 
REQUEST		GET /posts — список постов	1775737011008	1775737011222	OK	 
REQUEST		GET /posts — список постов	1775737011008	1775737011217	OK	 
REQUEST		GET /posts — список постов	1775737011008	1775737011222	OK	 
REQUEST		GET /posts/1 — один пост	1775737013231	1775737013309	OK	 
REQUEST		GET /posts/1 — один пост	1775737013231	1775737013309	OK	 
REQUEST		GET /posts/1 — один пост	1775737013231	1775737013309	OK	 
REQUEST		GET /posts/1 — один пост	1775737013232	1775737013310	OK	 
REQUEST		GET /posts/1 — один пост	1775737013231	1775737013311	OK	 
USER	Простой сценарий	END	1775737013314
USER	Простой сценарий	END	1775737013315
USER	Простой сценарий	END	1775737013315
USER	Простой сценарий	END	1775737013315
USER	Простой сценарий	END	1775737013315
